<?xml version="1.0" encoding="UTF-8"?>
<!-- Generated by org.testng.reporters.JUnitReportReporter -->
<testsuite hostname="LAPTOP-EUBDL8MT" failures="0" tests="1" name="com.campaign.Create_Campaign" time="13.279" errors="0" timestamp="2022-10-06T11:05:08 IST" skipped="0">
  <testcase classname="com.campaign.Create_Campaign" name="create_Campaign" time="13.279"/>
  <system-out/>
</testsuite> <!-- com.campaign.Create_Campaign -->
