<?xml version="1.0" encoding="UTF-8"?>
<!-- Generated by org.testng.reporters.JUnitReportReporter -->
<testsuite hostname="LAPTOP-EUBDL8MT" failures="0" tests="1" name="com.campaign.Create_CampaignTest" time="20.737" errors="0" timestamp="2022-10-14T21:48:02 IST" skipped="0">
  <testcase classname="com.campaign.Create_CampaignTest" name="create_Campaign" time="20.737"/>
  <system-out/>
</testsuite> <!-- com.campaign.Create_CampaignTest -->
