<?xml version="1.0" encoding="UTF-8"?>
<!-- Generated by org.testng.reporters.JUnitReportReporter -->
<testsuite hostname="LAPTOP-EUBDL8MT" failures="0" tests="1" name="com.crm.product.Create_ProductionTest" time="17.247" errors="0" timestamp="2022-10-15T00:38:23 IST" skipped="0">
  <testcase classname="com.crm.product.Create_ProductionTest" name="create_Production" time="17.247"/>
  <system-out/>
</testsuite> <!-- com.crm.product.Create_ProductionTest -->
