<?xml version="1.0" encoding="UTF-8"?>
<!-- Generated by org.testng.reporters.JUnitReportReporter -->
<testsuite hostname="LAPTOP-EUBDL8MT" failures="0" tests="3" name="Practice.DataProviderTest" time="67.341" errors="0" timestamp="2022-10-14T16:47:12 IST" skipped="0">
  <testcase classname="Practice.DataProviderTest" name="CompanyDetails" time="14.931"/>
  <system-out/>
  <testcase classname="Practice.DataProviderTest" name="CompanyDetails" time="14.514"/>
  <system-out/>
  <testcase classname="Practice.DataProviderTest" name="CompanyDetails" time="37.896"/>
  <system-out/>
</testsuite> <!-- Practice.DataProviderTest -->
