<?xml version="1.0" encoding="UTF-8"?>
<!-- Generated by org.testng.reporters.JUnitReportReporter -->
<testsuite hostname="LAPTOP-EUBDL8MT" failures="0" tests="1" name="com.crm.organigation.Create_OrganisationTest" time="24.148" errors="0" timestamp="2022-10-16T20:50:57 IST" skipped="0">
  <testcase classname="com.crm.organigation.Create_OrganisationTest" name="create_Organisation" time="24.148"/>
  <system-out/>
</testsuite> <!-- com.crm.organigation.Create_OrganisationTest -->
