<?xml version="1.0" encoding="UTF-8"?>
<!-- Generated by org.testng.reporters.JUnitReportReporter -->
<testsuite hostname="LAPTOP-EUBDL8MT" failures="0" tests="1" name="com.crm.campaign.Create_CampaignTest" time="14.603" errors="0" timestamp="2022-10-15T00:06:12 IST" skipped="0">
  <testcase classname="com.crm.campaign.Create_CampaignTest" name="create_Campaign" time="14.603"/>
  <system-out/>
</testsuite> <!-- com.crm.campaign.Create_CampaignTest -->
