<?xml version="1.0" encoding="UTF-8"?>
<!-- Generated by org.testng.reporters.JUnitReportReporter -->
<testsuite hostname="LAPTOP-EUBDL8MT" failures="0" tests="1" name="com.crm.Generic_Utilities.BaseClass" time="0.008" errors="0" timestamp="2022-10-04T12:43:15 IST" skipped="0">
  <testcase classname="com.crm.Generic_Utilities.BaseClass" name="beforeSuit" time="0.008"/>
  <system-out/>
</testsuite> <!-- com.crm.Generic_Utilities.BaseClass -->
