<?xml version="1.0" encoding="UTF-8"?>
<!-- Generated by org.testng.reporters.JUnitReportReporter -->
<testsuite hostname="LAPTOP-EUBDL8MT" failures="0" tests="1" name="com.crm.organigation.Create_OrganisationTest" time="23.708" errors="0" timestamp="2022-10-17T20:46:46 IST" skipped="0">
  <testcase classname="com.crm.organigation.Create_OrganisationTest" name="create_Organisation" time="23.708"/>
  <system-out/>
</testsuite> <!-- com.crm.organigation.Create_OrganisationTest -->
