<?xml version="1.0" encoding="UTF-8"?>
<!-- Generated by org.testng.reporters.JUnitReportReporter -->
<testsuite hostname="LAPTOP-EUBDL8MT" failures="0" tests="1" name="com.crm.Organigation.Create_Organisation" time="12.377" errors="0" timestamp="2022-10-06T11:05:08 IST" skipped="0">
  <testcase classname="com.crm.Organigation.Create_Organisation" name="create_Organisation" time="12.377"/>
  <system-out/>
</testsuite> <!-- com.crm.Organigation.Create_Organisation -->
