<?xml version="1.0" encoding="UTF-8"?>
<!-- Generated by org.testng.reporters.JUnitReportReporter -->
<testsuite hostname="LAPTOP-EUBDL8MT" failures="0" tests="1" name="com.crm.product.Delete_ProductTest" time="19.457" errors="0" timestamp="2022-10-12T21:06:25 IST" skipped="0">
  <testcase classname="com.crm.product.Delete_ProductTest" name="delete_ProductTest" time="19.457"/>
  <system-out/>
</testsuite> <!-- com.crm.product.Delete_ProductTest -->
