<?xml version="1.0" encoding="UTF-8"?>
<!-- Generated by org.testng.reporters.JUnitReportReporter -->
<testsuite hostname="LAPTOP-EUBDL8MT" failures="0" tests="1" name="com.campaign.Campaign_With_ProductTest" time="25.252" errors="0" timestamp="2022-10-13T11:33:12 IST" skipped="0">
  <testcase classname="com.campaign.Campaign_With_ProductTest" name="campaign_With_ProductTest" time="25.252"/>
  <system-out/>
</testsuite> <!-- com.campaign.Campaign_With_ProductTest -->
