<?xml version="1.0" encoding="UTF-8"?>
<!-- Generated by org.testng.reporters.JUnitReportReporter -->
<testsuite hostname="LAPTOP-EUBDL8MT" failures="0" tests="1" name="com.crm.product.Create_Production" time="18.662" errors="0" timestamp="2022-10-05T23:08:44 IST" skipped="0">
  <testcase classname="com.crm.product.Create_Production" name="create_Production" time="18.662"/>
  <system-out/>
</testsuite> <!-- com.crm.product.Create_Production -->
