<?xml version="1.0" encoding="UTF-8"?>
<!-- Generated by org.testng.reporters.JUnitReportReporter -->
<testsuite hostname="LAPTOP-EUBDL8MT" failures="0" tests="1" name="Practice.Sample1" time="0.007" errors="0" timestamp="2022-10-12T21:06:25 IST" skipped="0">
  <testcase classname="Practice.Sample1" name="CreateCust" time="0.007"/>
  <system-out/>
</testsuite> <!-- Practice.Sample1 -->
